Copyright 1986-2019 Xilinx, Inc. All Rights Reserved.
------------------------------------------------------------------------------------
| Tool Version : Vivado v.2019.1 (win64) Build 2552052 Fri May 24 14:49:42 MDT 2019
| Date         : Tue Feb 21 13:49:59 2023
| Host         : DESKTOP-1PG0402 running 64-bit major release  (build 9200)
| Command      : report_control_sets -verbose -file TOPLED_control_sets_placed.rpt
| Design       : TOPLED
| Device       : xc7a35t
------------------------------------------------------------------------------------

Control Set Information

Table of Contents
-----------------
1. Summary
2. Histogram
3. Flip-Flop Distribution
4. Detailed Control Set Information

1. Summary
----------

+----------------------------------------------------------+-------+
|                          Status                          | Count |
+----------------------------------------------------------+-------+
| Total control sets                                       |     7 |
|    Minimum number of control sets                        |     7 |
|    Addition due to synthesis replication                 |     0 |
|    Addition due to physical synthesis replication        |     0 |
| Unused register locations in slices containing registers |    31 |
+----------------------------------------------------------+-------+
* Control sets can be merged at opt_design using control_set_merge or merge_equivalent_drivers
** Run report_qor_suggestions for automated merging and remapping suggestions


2. Histogram
------------

+--------------------+-------+
|       Fanout       | Count |
+--------------------+-------+
| Total control sets |     7 |
| >= 0 to < 4        |     1 |
| >= 4 to < 6        |     4 |
| >= 6 to < 8        |     0 |
| >= 8 to < 10       |     0 |
| >= 10 to < 12      |     0 |
| >= 12 to < 14      |     0 |
| >= 14 to < 16      |     1 |
| >= 16              |     1 |
+--------------------+-------+
* Control sets can be remapped at either synth_design or opt_design


3. Flip-Flop Distribution
-------------------------

+--------------+-----------------------+------------------------+-----------------+--------------+
| Clock Enable | Synchronous Set/Reset | Asynchronous Set/Reset | Total Registers | Total Slices |
+--------------+-----------------------+------------------------+-----------------+--------------+
| No           | No                    | No                     |              26 |            5 |
| No           | No                    | Yes                    |               0 |            0 |
| No           | Yes                   | No                     |               1 |            1 |
| Yes          | No                    | No                     |              22 |            6 |
| Yes          | No                    | Yes                    |               0 |            0 |
| Yes          | Yes                   | No                     |               0 |            0 |
+--------------+-----------------------+------------------------+-----------------+--------------+


4. Detailed Control Set Information
-----------------------------------

+--------------------------------+-----------------------------------------+------------------+------------------+----------------+
|          Clock Signal          |              Enable Signal              | Set/Reset Signal | Slice Load Count | Bel Load Count |
+--------------------------------+-----------------------------------------+------------------+------------------+----------------+
|  ledLR/Q8_FF_1                 |                                         | ledLR/Q8_FF_0    |                1 |              1 |
|  slowit/my_clk_inst/clk_out1   |                                         |                  |                1 |              4 |
|  slowit/my_clk_inst/clk_out1   | slowit/slowclk/XLXI_37/MSCLK_CNT4ff_2_0 |                  |                1 |              4 |
|  slowit/my_clk_inst/clk_out1   | slowit/slowclk/XLXI_38/XLXN_70          |                  |                1 |              4 |
|  slowit/slowclk/MSCLK_CNT4ff_3 |                                         |                  |                1 |              4 |
|  slowit/slowclk/MSCLK_CNT4ff_3 | slowit/slowclk/XLXI_40/XLXN_75          |                  |                4 |             14 |
|  ring/q[0]                     |                                         |                  |                3 |             18 |
+--------------------------------+-----------------------------------------+------------------+------------------+----------------+


